<?xml version="1.0" encoding="UTF-8"?>
<testng-results skipped="2" failed="0" total="8" passed="6">
  <reporter-output>
  </reporter-output>
  <suite name="Test Maven Suite" duration-ms="34579" started-at="2019-09-10T17:46:17Z" finished-at="2019-09-10T17:46:51Z">
    <groups>
    </groups>
    <test name="Test Maven Testing" duration-ms="34579" started-at="2019-09-10T17:46:17Z" finished-at="2019-09-10T17:46:51Z">
      <class name="com.qa.test.demoTest2">
        <test-method status="PASS" signature="testFB2()[pri:0, instance:com.qa.test.demoTest2@5a61f5df]" name="testFB2" duration-ms="1" started-at="2019-09-10T23:16:17Z" finished-at="2019-09-10T23:16:17Z">
          <reporter-output>
          </reporter-output>
        </test-method> <!-- testFB2 -->
        <test-method status="PASS" signature="testGmail2()[pri:0, instance:com.qa.test.demoTest2@5a61f5df]" name="testGmail2" duration-ms="1" started-at="2019-09-10T23:16:17Z" finished-at="2019-09-10T23:16:17Z">
          <reporter-output>
          </reporter-output>
        </test-method> <!-- testGmail2 -->
      </class> <!-- com.qa.test.demoTest2 -->
      <class name="com.qa.test.demoTest1">
        <test-method status="PASS" signature="testFB1()[pri:0, instance:com.qa.test.demoTest1@531be3c5]" name="testFB1" duration-ms="0" started-at="2019-09-10T23:16:17Z" finished-at="2019-09-10T23:16:17Z">
          <reporter-output>
          </reporter-output>
        </test-method> <!-- testFB1 -->
        <test-method status="PASS" signature="testGmail1()[pri:0, instance:com.qa.test.demoTest1@531be3c5]" name="testGmail1" duration-ms="2" started-at="2019-09-10T23:16:17Z" finished-at="2019-09-10T23:16:17Z">
          <reporter-output>
          </reporter-output>
        </test-method> <!-- testGmail1 -->
      </class> <!-- com.qa.test.demoTest1 -->
      <class name="com.qa.test.loginTest">
        <test-method status="FAIL" signature="setUp()[pri:0, instance:com.qa.test.loginTest@1936f0f5]" name="setUp" is-config="true" duration-ms="0" started-at="2019-09-10T23:16:17Z" finished-at="2019-09-10T23:16:17Z">
          <exception class="org.openqa.selenium.TimeoutException">
            <message>
              <![CDATA[Timed out waiting for page load.
Command duration or timeout: 0 milliseconds]]>
            </message>
            <full-stacktrace>
              <![CDATA[org.openqa.selenium.TimeoutException: Timed out waiting for page load.
Command duration or timeout: 0 milliseconds
	at sun.reflect.NativeConstructorAccessorImpl.newInstance0(Native Method)
	at sun.reflect.NativeConstructorAccessorImpl.newInstance(NativeConstructorAccessorImpl.java:62)
	at sun.reflect.DelegatingConstructorAccessorImpl.newInstance(DelegatingConstructorAccessorImpl.java:45)
	at java.lang.reflect.Constructor.newInstance(Constructor.java:422)
	at org.openqa.selenium.remote.ErrorHandler.createThrowable(ErrorHandler.java:214)
	at org.openqa.selenium.remote.ErrorHandler.throwIfResponseFailed(ErrorHandler.java:166)
	at org.openqa.selenium.remote.http.JsonHttpResponseCodec.reconstructValue(JsonHttpResponseCodec.java:40)
	at org.openqa.selenium.remote.http.AbstractHttpResponseCodec.decode(AbstractHttpResponseCodec.java:80)
	at org.openqa.selenium.remote.http.AbstractHttpResponseCodec.decode(AbstractHttpResponseCodec.java:44)
	at org.openqa.selenium.remote.HttpCommandExecutor.execute(HttpCommandExecutor.java:158)
	at org.openqa.selenium.remote.service.DriverCommandExecutor.execute(DriverCommandExecutor.java:83)
	at org.openqa.selenium.remote.RemoteWebDriver.execute(RemoteWebDriver.java:552)
	at org.openqa.selenium.remote.RemoteWebDriver.get(RemoteWebDriver.java:277)
	at org.openqa.selenium.remote.RemoteWebDriver$RemoteNavigation.to(RemoteWebDriver.java:857)
	at com.qa.test.loginTest.setUp(loginTest.java:32)
	at sun.reflect.NativeMethodAccessorImpl.invoke0(Native Method)
	at sun.reflect.NativeMethodAccessorImpl.invoke(NativeMethodAccessorImpl.java:62)
	at sun.reflect.DelegatingMethodAccessorImpl.invoke(DelegatingMethodAccessorImpl.java:43)
	at java.lang.reflect.Method.invoke(Method.java:497)
	at org.testng.internal.MethodInvocationHelper.invokeMethod(MethodInvocationHelper.java:80)
	at org.testng.internal.Invoker.invokeConfigurationMethod(Invoker.java:564)
	at org.testng.internal.Invoker.invokeConfigurations(Invoker.java:213)
	at org.testng.internal.Invoker.invokeMethod(Invoker.java:653)
	at org.testng.internal.Invoker.invokeTestMethod(Invoker.java:901)
	at org.testng.internal.Invoker.invokeTestMethods(Invoker.java:1231)
	at org.testng.internal.TestMethodWorker.invokeTestMethods(TestMethodWorker.java:127)
	at org.testng.internal.TestMethodWorker.run(TestMethodWorker.java:111)
	at org.testng.TestRunner.privateRun(TestRunner.java:767)
	at org.testng.TestRunner.run(TestRunner.java:617)
	at org.testng.SuiteRunner.runTest(SuiteRunner.java:334)
	at org.testng.SuiteRunner.runSequentially(SuiteRunner.java:329)
	at org.testng.SuiteRunner.privateRun(SuiteRunner.java:291)
	at org.testng.SuiteRunner.run(SuiteRunner.java:240)
	at org.testng.SuiteRunnerWorker.runSuite(SuiteRunnerWorker.java:52)
	at org.testng.SuiteRunnerWorker.run(SuiteRunnerWorker.java:86)
	at org.testng.TestNG.runSuitesSequentially(TestNG.java:1198)
	at org.testng.TestNG.runSuitesLocally(TestNG.java:1123)
	at org.testng.TestNG.run(TestNG.java:1031)
	at org.testng.remote.RemoteTestNG.run(RemoteTestNG.java:111)
	at org.testng.remote.RemoteTestNG.initAndRun(RemoteTestNG.java:204)
	at org.testng.remote.RemoteTestNG.main(RemoteTestNG.java:175)
Caused by: org.openqa.selenium.TimeoutException: Timed out waiting for page load.
Build info: version: '3.141.5', revision: 'd54ebd709a', time: '2018-11-06T11:42:16'
System info: host: 'VICKY', ip: '192.168.2.45', os.name: 'Windows 8.1', os.arch: 'amd64', os.version: '6.3', java.version: '1.8.0_60'
Driver info: driver.version: unknown
	at <anonymous class>.Utils.initWebLoadingListener/<(jar:file:///C:/Users/vicky-pc/AppData/Local/Temp/anonymous4132918487413683706webdriver-profile/extensions/fxdriver@googlecode.com.xpi!/components/driver-component.js:10621)
	at <anonymous class>.WebLoadingListener/f(jar:file:///C:/Users/vicky-pc/AppData/Local/Temp/anonymous4132918487413683706webdriver-profile/extensions/fxdriver@googlecode.com.xpi!/components/driver-component.js:8473)
	at <anonymous class>.WebLoadingListener/<(jar:file:///C:/Users/vicky-pc/AppData/Local/Temp/anonymous4132918487413683706webdriver-profile/extensions/fxdriver@googlecode.com.xpi!/components/driver-component.js:8481)
	at <anonymous class>.fxdriver.Timer.prototype.setTimeout/<.notify(jar:file:///C:/Users/vicky-pc/AppData/Local/Temp/anonymous4132918487413683706webdriver-profile/extensions/fxdriver@googlecode.com.xpi!/components/driver-component.js:918)
]]>
            </full-stacktrace>
          </exception> <!-- org.openqa.selenium.TimeoutException -->
          <reporter-output>
          </reporter-output>
        </test-method> <!-- setUp -->
        <test-method status="SKIP" signature="getFreeCrmTitleTest()[pri:0, instance:com.qa.test.loginTest@1936f0f5]" name="getFreeCrmTitleTest" duration-ms="3" started-at="2019-09-10T23:16:51Z" finished-at="2019-09-10T23:16:51Z">
          <reporter-output>
          </reporter-output>
        </test-method> <!-- getFreeCrmTitleTest -->
        <test-method status="SKIP" signature="tearDown()[pri:0, instance:com.qa.test.loginTest@1936f0f5]" name="tearDown" is-config="true" duration-ms="0" started-at="2019-09-10T23:16:51Z" finished-at="2019-09-10T23:16:51Z">
          <reporter-output>
          </reporter-output>
        </test-method> <!-- tearDown -->
        <test-method status="SKIP" signature="setUp()[pri:0, instance:com.qa.test.loginTest@1936f0f5]" name="setUp" is-config="true" duration-ms="0" started-at="2019-09-10T23:16:51Z" finished-at="2019-09-10T23:16:51Z">
          <reporter-output>
          </reporter-output>
        </test-method> <!-- setUp -->
        <test-method status="SKIP" signature="getLogoTest()[pri:0, instance:com.qa.test.loginTest@1936f0f5]" name="getLogoTest" duration-ms="3" started-at="2019-09-10T23:16:51Z" finished-at="2019-09-10T23:16:51Z">
          <reporter-output>
          </reporter-output>
        </test-method> <!-- getLogoTest -->
        <test-method status="SKIP" signature="tearDown()[pri:0, instance:com.qa.test.loginTest@1936f0f5]" name="tearDown" is-config="true" duration-ms="0" started-at="2019-09-10T23:16:51Z" finished-at="2019-09-10T23:16:51Z">
          <reporter-output>
          </reporter-output>
        </test-method> <!-- tearDown -->
      </class> <!-- com.qa.test.loginTest -->
      <class name="com.qa.test.demoTest">
        <test-method status="PASS" signature="testFB()[pri:0, instance:com.qa.test.demoTest@36f6e879]" name="testFB" duration-ms="25" started-at="2019-09-10T23:16:17Z" finished-at="2019-09-10T23:16:17Z">
          <reporter-output>
          </reporter-output>
        </test-method> <!-- testFB -->
        <test-method status="PASS" signature="testGmail()[pri:0, instance:com.qa.test.demoTest@36f6e879]" name="testGmail" duration-ms="1" started-at="2019-09-10T23:16:17Z" finished-at="2019-09-10T23:16:17Z">
          <reporter-output>
          </reporter-output>
        </test-method> <!-- testGmail -->
      </class> <!-- com.qa.test.demoTest -->
    </test> <!-- Test Maven Testing -->
  </suite> <!-- Test Maven Suite -->
</testng-results>
