<html>
<head>
<title>TestNG:  Test Maven Testing</title>
<link href="../testng.css" rel="stylesheet" type="text/css" />
<link href="../my-testng.css" rel="stylesheet" type="text/css" />

<style type="text/css">
.log { display: none;} 
.stack-trace { display: none;} 
</style>
<script type="text/javascript">
<!--
function flip(e) {
  current = e.style.display;
  if (current == 'block') {
    e.style.display = 'none';
    return 0;
  }
  else {
    e.style.display = 'block';
    return 1;
  }
}

function toggleBox(szDivId, elem, msg1, msg2)
{
  var res = -1;  if (document.getElementById) {
    res = flip(document.getElementById(szDivId));
  }
  else if (document.all) {
    // this is the way old msie versions work
    res = flip(document.all[szDivId]);
  }
  if(elem) {
    if(res == 0) elem.innerHTML = msg1; else elem.innerHTML = msg2;
  }

}

function toggleAllBoxes() {
  if (document.getElementsByTagName) {
    d = document.getElementsByTagName('div');
    for (i = 0; i < d.length; i++) {
      if (d[i].className == 'log') {
        flip(d[i]);
      }
    }
  }
}

// -->
</script>

</head>
<body>
<h2 align='center'>Test Maven Testing</h2><table border='1' align="center">
<tr>
<td>Tests passed/Failed/Skipped:</td><td>6/0/2</td>
</tr><tr>
<td>Started on:</td><td>Tue Sep 10 23:16:17 IST 2019</td>
</tr>
<tr><td>Total time:</td><td>34 seconds (34579 ms)</td>
</tr><tr>
<td>Included groups:</td><td></td>
</tr><tr>
<td>Excluded groups:</td><td></td>
</tr>
</table><p/>
<small><i>(Hover the method name to see the test class name)</i></small><p/>
<table width='100%' border='1' class='invocation-failed'>
<tr><td colspan='4' align='center'><b>FAILED CONFIGURATIONS</b></td></tr>
<tr><td><b>Test method</b></td>
<td width="30%"><b>Exception</b></td>
<td width="10%"><b>Time (seconds)</b></td>
<td><b>Instance</b></td>
</tr>
<tr>
<td title='com.qa.test.loginTest.setUp()'><b>setUp</b><br>Test class: com.qa.test.loginTest</td>
<td><div><pre>org.openqa.selenium.TimeoutException: Timed out waiting for page load.
Command duration or timeout: 0 milliseconds
	at org.openqa.selenium.remote.ErrorHandler.createThrowable(ErrorHandler.java:214)
	at org.openqa.selenium.remote.ErrorHandler.throwIfResponseFailed(ErrorHandler.java:166)
	at org.openqa.selenium.remote.http.JsonHttpResponseCodec.reconstructValue(JsonHttpResponseCodec.java:40)
	at org.openqa.selenium.remote.http.AbstractHttpResponseCodec.decode(AbstractHttpResponseCodec.java:80)
	at org.openqa.selenium.remote.http.AbstractHttpResponseCodec.decode(AbstractHttpResponseCodec.java:44)
	at org.openqa.selenium.remote.HttpCommandExecutor.execute(HttpCommandExecutor.java:158)
	at org.openqa.selenium.remote.service.DriverCommandExecutor.execute(DriverCommandExecutor.java:83)
	at org.openqa.selenium.remote.RemoteWebDriver.execute(RemoteWebDriver.java:552)
	at org.openqa.selenium.remote.RemoteWebDriver.get(RemoteWebDriver.java:277)
	at org.openqa.selenium.remote.RemoteWebDriver$RemoteNavigation.to(RemoteWebDriver.java:857)
	at com.qa.test.loginTest.setUp(loginTest.java:32)
Caused by: org.openqa.selenium.TimeoutException: Timed out waiting for page load.
Build info: version: &apos;3.141.5&apos;, revision: &apos;d54ebd709a&apos;, time: &apos;2018-11-06T11:42:16&apos;
System info: host: &apos;VICKY&apos;, ip: &apos;192.168.2.45&apos;, os.name: &apos;Windows 8.1&apos;, os.arch: &apos;amd64&apos;, os.version: &apos;6.3&apos;, java.version: &apos;1.8.0_60&apos;
Driver info: driver.version: unknown
	at &lt;anonymous class&gt;.Utils.initWebLoadingListener/&lt;(jar:file:///C:/Users/vicky-pc/AppData/Local/Temp/anonymous4132918487413683706webdriver-profile/extensions/fxdriver@googlecode.com.xpi!/components/driver-component.js:10621)
	at &lt;anonymous class&gt;.WebLoadingListener/f(jar:file:///C:/Users/vicky-pc/AppData/Local/Temp/anonymous4132918487413683706webdriver-profile/extensions/fxdriver@googlecode.com.xpi!/components/driver-component.js:8473)
	at &lt;anonymous class&gt;.WebLoadingListener/&lt;(jar:file:///C:/Users/vicky-pc/AppData/Local/Temp/anonymous4132918487413683706webdriver-profile/extensions/fxdriver@googlecode.com.xpi!/components/driver-component.js:8481)
	at &lt;anonymous class&gt;.fxdriver.Timer.prototype.setTimeout/&lt;.notify(jar:file:///C:/Users/vicky-pc/AppData/Local/Temp/anonymous4132918487413683706webdriver-profile/extensions/fxdriver@googlecode.com.xpi!/components/driver-component.js:918)
... Removed 30 stack frames</pre></div><a href='#' onClick='toggleBox("stack-trace589273327", this, "Click to show all stack frames", "Click to hide stack frames")'>Click to show all stack frames</a>
<div class='stack-trace' id='stack-trace589273327'><pre>org.openqa.selenium.TimeoutException: Timed out waiting for page load.
Command duration or timeout: 0 milliseconds
	at sun.reflect.NativeConstructorAccessorImpl.newInstance0(Native Method)
	at sun.reflect.NativeConstructorAccessorImpl.newInstance(NativeConstructorAccessorImpl.java:62)
	at sun.reflect.DelegatingConstructorAccessorImpl.newInstance(DelegatingConstructorAccessorImpl.java:45)
	at java.lang.reflect.Constructor.newInstance(Constructor.java:422)
	at org.openqa.selenium.remote.ErrorHandler.createThrowable(ErrorHandler.java:214)
	at org.openqa.selenium.remote.ErrorHandler.throwIfResponseFailed(ErrorHandler.java:166)
	at org.openqa.selenium.remote.http.JsonHttpResponseCodec.reconstructValue(JsonHttpResponseCodec.java:40)
	at org.openqa.selenium.remote.http.AbstractHttpResponseCodec.decode(AbstractHttpResponseCodec.java:80)
	at org.openqa.selenium.remote.http.AbstractHttpResponseCodec.decode(AbstractHttpResponseCodec.java:44)
	at org.openqa.selenium.remote.HttpCommandExecutor.execute(HttpCommandExecutor.java:158)
	at org.openqa.selenium.remote.service.DriverCommandExecutor.execute(DriverCommandExecutor.java:83)
	at org.openqa.selenium.remote.RemoteWebDriver.execute(RemoteWebDriver.java:552)
	at org.openqa.selenium.remote.RemoteWebDriver.get(RemoteWebDriver.java:277)
	at org.openqa.selenium.remote.RemoteWebDriver$RemoteNavigation.to(RemoteWebDriver.java:857)
	at com.qa.test.loginTest.setUp(loginTest.java:32)
	at sun.reflect.NativeMethodAccessorImpl.invoke0(Native Method)
	at sun.reflect.NativeMethodAccessorImpl.invoke(NativeMethodAccessorImpl.java:62)
	at sun.reflect.DelegatingMethodAccessorImpl.invoke(DelegatingMethodAccessorImpl.java:43)
	at java.lang.reflect.Method.invoke(Method.java:497)
	at org.testng.internal.MethodInvocationHelper.invokeMethod(MethodInvocationHelper.java:80)
	at org.testng.internal.Invoker.invokeConfigurationMethod(Invoker.java:564)
	at org.testng.internal.Invoker.invokeConfigurations(Invoker.java:213)
	at org.testng.internal.Invoker.invokeMethod(Invoker.java:653)
	at org.testng.internal.Invoker.invokeTestMethod(Invoker.java:901)
	at org.testng.internal.Invoker.invokeTestMethods(Invoker.java:1231)
	at org.testng.internal.TestMethodWorker.invokeTestMethods(TestMethodWorker.java:127)
	at org.testng.internal.TestMethodWorker.run(TestMethodWorker.java:111)
	at org.testng.TestRunner.privateRun(TestRunner.java:767)
	at org.testng.TestRunner.run(TestRunner.java:617)
	at org.testng.SuiteRunner.runTest(SuiteRunner.java:334)
	at org.testng.SuiteRunner.runSequentially(SuiteRunner.java:329)
	at org.testng.SuiteRunner.privateRun(SuiteRunner.java:291)
	at org.testng.SuiteRunner.run(SuiteRunner.java:240)
	at org.testng.SuiteRunnerWorker.runSuite(SuiteRunnerWorker.java:52)
	at org.testng.SuiteRunnerWorker.run(SuiteRunnerWorker.java:86)
	at org.testng.TestNG.runSuitesSequentially(TestNG.java:1198)
	at org.testng.TestNG.runSuitesLocally(TestNG.java:1123)
	at org.testng.TestNG.run(TestNG.java:1031)
	at org.testng.remote.RemoteTestNG.run(RemoteTestNG.java:111)
	at org.testng.remote.RemoteTestNG.initAndRun(RemoteTestNG.java:204)
	at org.testng.remote.RemoteTestNG.main(RemoteTestNG.java:175)
Caused by: org.openqa.selenium.TimeoutException: Timed out waiting for page load.
Build info: version: &apos;3.141.5&apos;, revision: &apos;d54ebd709a&apos;, time: &apos;2018-11-06T11:42:16&apos;
System info: host: &apos;VICKY&apos;, ip: &apos;192.168.2.45&apos;, os.name: &apos;Windows 8.1&apos;, os.arch: &apos;amd64&apos;, os.version: &apos;6.3&apos;, java.version: &apos;1.8.0_60&apos;
Driver info: driver.version: unknown
	at &lt;anonymous class&gt;.Utils.initWebLoadingListener/&lt;(jar:file:///C:/Users/vicky-pc/AppData/Local/Temp/anonymous4132918487413683706webdriver-profile/extensions/fxdriver@googlecode.com.xpi!/components/driver-component.js:10621)
	at &lt;anonymous class&gt;.WebLoadingListener/f(jar:file:///C:/Users/vicky-pc/AppData/Local/Temp/anonymous4132918487413683706webdriver-profile/extensions/fxdriver@googlecode.com.xpi!/components/driver-component.js:8473)
	at &lt;anonymous class&gt;.WebLoadingListener/&lt;(jar:file:///C:/Users/vicky-pc/AppData/Local/Temp/anonymous4132918487413683706webdriver-profile/extensions/fxdriver@googlecode.com.xpi!/components/driver-component.js:8481)
	at &lt;anonymous class&gt;.fxdriver.Timer.prototype.setTimeout/&lt;.notify(jar:file:///C:/Users/vicky-pc/AppData/Local/Temp/anonymous4132918487413683706webdriver-profile/extensions/fxdriver@googlecode.com.xpi!/components/driver-component.js:918)
</pre></div></td>
<td>0</td>
<td>com.qa.test.loginTest@1936f0f5</td></tr>
</table><p>
<table width='100%' border='1' class='invocation-skipped'>
<tr><td colspan='4' align='center'><b>SKIPPED CONFIGURATIONS</b></td></tr>
<tr><td><b>Test method</b></td>
<td width="30%"><b>Exception</b></td>
<td width="10%"><b>Time (seconds)</b></td>
<td><b>Instance</b></td>
</tr>
<tr>
<td title='com.qa.test.loginTest.setUp()'><b>setUp</b><br>Test class: com.qa.test.loginTest</td>
<td></td>
<td>0</td>
<td>com.qa.test.loginTest@1936f0f5</td></tr>
<tr>
<td title='com.qa.test.loginTest.tearDown()'><b>tearDown</b><br>Test class: com.qa.test.loginTest</td>
<td></td>
<td>0</td>
<td>com.qa.test.loginTest@1936f0f5</td></tr>
<tr>
<td title='com.qa.test.loginTest.tearDown()'><b>tearDown</b><br>Test class: com.qa.test.loginTest</td>
<td></td>
<td>0</td>
<td>com.qa.test.loginTest@1936f0f5</td></tr>
</table><p>
<table width='100%' border='1' class='invocation-passed'>
<tr><td colspan='4' align='center'><b>PASSED TESTS</b></td></tr>
<tr><td><b>Test method</b></td>
<td width="30%"><b>Exception</b></td>
<td width="10%"><b>Time (seconds)</b></td>
<td><b>Instance</b></td>
</tr>
<tr>
<td title='com.qa.test.demoTest.testFB()'><b>testFB</b><br>Test class: com.qa.test.demoTest</td>
<td></td>
<td>0</td>
<td>com.qa.test.demoTest@36f6e879</td></tr>
<tr>
<td title='com.qa.test.demoTest1.testFB1()'><b>testFB1</b><br>Test class: com.qa.test.demoTest1</td>
<td></td>
<td>0</td>
<td>com.qa.test.demoTest1@531be3c5</td></tr>
<tr>
<td title='com.qa.test.demoTest2.testFB2()'><b>testFB2</b><br>Test class: com.qa.test.demoTest2</td>
<td></td>
<td>0</td>
<td>com.qa.test.demoTest2@5a61f5df</td></tr>
<tr>
<td title='com.qa.test.demoTest.testGmail()'><b>testGmail</b><br>Test class: com.qa.test.demoTest</td>
<td></td>
<td>0</td>
<td>com.qa.test.demoTest@36f6e879</td></tr>
<tr>
<td title='com.qa.test.demoTest1.testGmail1()'><b>testGmail1</b><br>Test class: com.qa.test.demoTest1</td>
<td></td>
<td>0</td>
<td>com.qa.test.demoTest1@531be3c5</td></tr>
<tr>
<td title='com.qa.test.demoTest2.testGmail2()'><b>testGmail2</b><br>Test class: com.qa.test.demoTest2</td>
<td></td>
<td>0</td>
<td>com.qa.test.demoTest2@5a61f5df</td></tr>
</table><p>
<table width='100%' border='1' class='invocation-skipped'>
<tr><td colspan='4' align='center'><b>SKIPPED TESTS</b></td></tr>
<tr><td><b>Test method</b></td>
<td width="30%"><b>Exception</b></td>
<td width="10%"><b>Time (seconds)</b></td>
<td><b>Instance</b></td>
</tr>
<tr>
<td title='com.qa.test.loginTest.getFreeCrmTitleTest()'><b>getFreeCrmTitleTest</b><br>Test class: com.qa.test.loginTest</td>
<td></td>
<td>0</td>
<td>com.qa.test.loginTest@1936f0f5</td></tr>
<tr>
<td title='com.qa.test.loginTest.getLogoTest()'><b>getLogoTest</b><br>Test class: com.qa.test.loginTest</td>
<td></td>
<td>0</td>
<td>com.qa.test.loginTest@1936f0f5</td></tr>
</table><p>
</body>
</html>