<?xml version="1.0" encoding="UTF-8"?>
<!-- Generated by org.testng.reporters.JUnitXMLReporter -->
<testsuite hostname="VICKY" name="Test Maven Testing" tests="8" failures="0" timestamp="10 Sep 2019 17:46:51 GMT" time="34.579" errors="0">
  <testcase name="@BeforeMethod setUp" time="0.0" classname="com.qa.test.loginTest">
    <failure type="org.openqa.selenium.TimeoutException" message="Timed out waiting for page load.
Command duration or timeout: 0 milliseconds">
      <![CDATA[org.openqa.selenium.TimeoutException: Timed out waiting for page load.
Command duration or timeout: 0 milliseconds
	at org.openqa.selenium.remote.ErrorHandler.createThrowable(ErrorHandler.java:214)
	at org.openqa.selenium.remote.ErrorHandler.throwIfResponseFailed(ErrorHandler.java:166)
	at org.openqa.selenium.remote.http.JsonHttpResponseCodec.reconstructValue(JsonHttpResponseCodec.java:40)
	at org.openqa.selenium.remote.http.AbstractHttpResponseCodec.decode(AbstractHttpResponseCodec.java:80)
	at org.openqa.selenium.remote.http.AbstractHttpResponseCodec.decode(AbstractHttpResponseCodec.java:44)
	at org.openqa.selenium.remote.HttpCommandExecutor.execute(HttpCommandExecutor.java:158)
	at org.openqa.selenium.remote.service.DriverCommandExecutor.execute(DriverCommandExecutor.java:83)
	at org.openqa.selenium.remote.RemoteWebDriver.execute(RemoteWebDriver.java:552)
	at org.openqa.selenium.remote.RemoteWebDriver.get(RemoteWebDriver.java:277)
	at org.openqa.selenium.remote.RemoteWebDriver$RemoteNavigation.to(RemoteWebDriver.java:857)
	at com.qa.test.loginTest.setUp(loginTest.java:32)
Caused by: org.openqa.selenium.TimeoutException: Timed out waiting for page load.
Build info: version: '3.141.5', revision: 'd54ebd709a', time: '2018-11-06T11:42:16'
System info: host: 'VICKY', ip: '192.168.2.45', os.name: 'Windows 8.1', os.arch: 'amd64', os.version: '6.3', java.version: '1.8.0_60'
Driver info: driver.version: unknown
	at <anonymous class>.Utils.initWebLoadingListener/<(jar:file:///C:/Users/vicky-pc/AppData/Local/Temp/anonymous4132918487413683706webdriver-profile/extensions/fxdriver@googlecode.com.xpi!/components/driver-component.js:10621)
	at <anonymous class>.WebLoadingListener/f(jar:file:///C:/Users/vicky-pc/AppData/Local/Temp/anonymous4132918487413683706webdriver-profile/extensions/fxdriver@googlecode.com.xpi!/components/driver-component.js:8473)
	at <anonymous class>.WebLoadingListener/<(jar:file:///C:/Users/vicky-pc/AppData/Local/Temp/anonymous4132918487413683706webdriver-profile/extensions/fxdriver@googlecode.com.xpi!/components/driver-component.js:8481)
	at <anonymous class>.fxdriver.Timer.prototype.setTimeout/<.notify(jar:file:///C:/Users/vicky-pc/AppData/Local/Temp/anonymous4132918487413683706webdriver-profile/extensions/fxdriver@googlecode.com.xpi!/components/driver-component.js:918)
... Removed 30 stack frames]]>
    </failure>
  </testcase> <!-- @BeforeMethod setUp -->
  <testcase name="@AfterMethod tearDown" time="0.0" classname="com.qa.test.loginTest">
    <skipped/>
  </testcase> <!-- @AfterMethod tearDown -->
  <testcase name="@BeforeMethod setUp" time="0.0" classname="com.qa.test.loginTest">
    <skipped/>
  </testcase> <!-- @BeforeMethod setUp -->
  <testcase name="@AfterMethod tearDown" time="0.0" classname="com.qa.test.loginTest">
    <skipped/>
  </testcase> <!-- @AfterMethod tearDown -->
  <testcase name="testFB" time="0.025" classname="com.qa.test.demoTest"/>
  <testcase name="testGmail" time="0.001" classname="com.qa.test.demoTest"/>
  <testcase name="testFB1" time="0.0" classname="com.qa.test.demoTest1"/>
  <testcase name="testGmail1" time="0.002" classname="com.qa.test.demoTest1"/>
  <testcase name="testFB2" time="0.001" classname="com.qa.test.demoTest2"/>
  <testcase name="testGmail2" time="0.001" classname="com.qa.test.demoTest2"/>
  <testcase name="getFreeCrmTitleTest" time="0.003" classname="com.qa.test.loginTest">
    <skipped/>
  </testcase> <!-- getFreeCrmTitleTest -->
  <testcase name="getLogoTest" time="0.003" classname="com.qa.test.loginTest">
    <skipped/>
  </testcase> <!-- getLogoTest -->
</testsuite> <!-- Test Maven Testing -->
